{"uuid":"09eeb3e8-2ba8-40c0-bc98-6f9ff7a091c1","historyId":"6700d27c717b3297bb55a6da5f33eec2","testCaseId":"[engine:junit-jupiter]/[class:tests.AddressModificationTests]/[method:canModifyAddress()]","testCaseName":"canModifyAddress()","fullName":"tests.AddressModificationTests.canModifyAddress","labels":[{"name":"junit.platform.uniqueid","value":"[engine:junit-jupiter]/[class:tests.AddressModificationTests]/[method:canModifyAddress()]"},{"name":"host","value":"KOMPUTER"},{"name":"thread","value":"2456@KOMPUTER.Test worker(1)"},{"name":"framework","value":"junit-platform"},{"name":"language","value":"java"},{"name":"package","value":"tests.AddressModificationTests"},{"name":"testClass","value":"tests.AddressModificationTests"},{"name":"testMethod","value":"canModifyAddress"},{"name":"suite","value":"tests.AddressModificationTests"}],"links":[],"name":"canModifyAddress()","status":"broken","statusDetails":{"known":false,"muted":false,"flaky":false,"message":"Unable to locate element: a[href='edit.php?id=1212'] img\nFor documentation on this error, please visit: https://www.selenium.dev/documentation/webdriver/troubleshooting/errors#no-such-element-exception\nBuild info: version: '4.29.0', revision: '5fc1ec94cb'\nSystem info: os.name: 'Windows 11', os.arch: 'amd64', os.version: '10.0', java.version: '17.0.14'\nDriver info: org.openqa.selenium.firefox.FirefoxDriver\nCommand: [6baa9bc2-b5cb-4734-8b96-85c0d74f4a40, findElement {using=css selector, value=a[href='edit.php?id=1212'] img}]\nCapabilities {acceptInsecureCerts: true, browserName: firefox, browserVersion: 137.0.2, moz:accessibilityChecks: false, moz:buildID: 20250414091429, moz:geckodriverVersion: 0.36.0, moz:headless: false, moz:platformVersion: 10.0, moz:processID: 15624, moz:profile: C:\\Users\\Miko\\AppData\\Local..., moz:shutdownTimeout: 60000, moz:webdriverClick: true, moz:windowless: false, pageLoadStrategy: normal, platformName: windows, proxy: Proxy(), setWindowRect: true, strictFileInteractability: false, timeouts: {implicit: 0, pageLoad: 300000, script: 30000}, unhandledPromptBehavior: dismiss and notify, userAgent: Mozilla/5.0 (Windows NT 10....}\nSession ID: 6baa9bc2-b5cb-4734-8b96-85c0d74f4a40","trace":"org.openqa.selenium.NoSuchElementException: Unable to locate element: a[href='edit.php?id=1212'] img\nFor documentation on this error, please visit: https://www.selenium.dev/documentation/webdriver/troubleshooting/errors#no-such-element-exception\nBuild info: version: '4.29.0', revision: '5fc1ec94cb'\nSystem info: os.name: 'Windows 11', os.arch: 'amd64', os.version: '10.0', java.version: '17.0.14'\nDriver info: org.openqa.selenium.firefox.FirefoxDriver\nCommand: [6baa9bc2-b5cb-4734-8b96-85c0d74f4a40, findElement {using=css selector, value=a[href='edit.php?id=1212'] img}]\nCapabilities {acceptInsecureCerts: true, browserName: firefox, browserVersion: 137.0.2, moz:accessibilityChecks: false, moz:buildID: 20250414091429, moz:geckodriverVersion: 0.36.0, moz:headless: false, moz:platformVersion: 10.0, moz:processID: 15624, moz:profile: C:\\Users\\Miko\\AppData\\Local..., moz:shutdownTimeout: 60000, moz:webdriverClick: true, moz:windowless: false, pageLoadStrategy: normal, platformName: windows, proxy: Proxy(), setWindowRect: true, strictFileInteractability: false, timeouts: {implicit: 0, pageLoad: 300000, script: 30000}, unhandledPromptBehavior: dismiss and notify, userAgent: Mozilla/5.0 (Windows NT 10....}\nSession ID: 6baa9bc2-b5cb-4734-8b96-85c0d74f4a40\r\n\tat java.base/jdk.internal.reflect.NativeConstructorAccessorImpl.newInstance0(Native Method)\r\n\tat java.base/jdk.internal.reflect.NativeConstructorAccessorImpl.newInstance(NativeConstructorAccessorImpl.java:77)\r\n\tat java.base/jdk.internal.reflect.DelegatingConstructorAccessorImpl.newInstance(DelegatingConstructorAccessorImpl.java:45)\r\n\tat java.base/java.lang.reflect.Constructor.newInstanceWithCaller(Constructor.java:500)\r\n\tat java.base/java.lang.reflect.Constructor.newInstance(Constructor.java:481)\r\n\tat org.openqa.selenium.remote.ErrorCodec.decode(ErrorCodec.java:167)\r\n\tat org.openqa.selenium.remote.codec.w3c.W3CHttpResponseCodec.decode(W3CHttpResponseCodec.java:138)\r\n\tat org.openqa.selenium.remote.codec.w3c.W3CHttpResponseCodec.decode(W3CHttpResponseCodec.java:50)\r\n\tat org.openqa.selenium.remote.HttpCommandExecutor.execute(HttpCommandExecutor.java:215)\r\n\tat org.openqa.selenium.remote.service.DriverCommandExecutor.invokeExecute(DriverCommandExecutor.java:216)\r\n\tat org.openqa.selenium.remote.service.DriverCommandExecutor.execute(DriverCommandExecutor.java:174)\r\n\tat org.openqa.selenium.remote.RemoteWebDriver.execute(RemoteWebDriver.java:545)\r\n\tat org.openqa.selenium.remote.ElementLocation$ElementFinder$2.findElement(ElementLocation.java:165)\r\n\tat org.openqa.selenium.remote.ElementLocation.findElement(ElementLocation.java:59)\r\n\tat org.openqa.selenium.remote.RemoteWebDriver.findElement(RemoteWebDriver.java:368)\r\n\tat org.openqa.selenium.remote.RemoteWebDriver.findElement(RemoteWebDriver.java:362)\r\n\tat manager.HelperBase.click(HelperBase.java:17)\r\n\tat manager.AddressHelper.initAddressModification(AddressHelper.java:177)\r\n\tat manager.AddressHelper.modifyAddress(AddressHelper.java:79)\r\n\tat tests.AddressModificationTests.canModifyAddress(AddressModificationTests.java:24)\r\n\tat java.base/java.lang.reflect.Method.invoke(Method.java:569)\r\n\tat java.base/java.util.ArrayList.forEach(ArrayList.java:1511)\r\n\tat java.base/java.util.ArrayList.forEach(ArrayList.java:1511)\r\n\tSuppressed: java.lang.IllegalStateException: DB is corrupted\r\n\t\tat manager.JdbcHelper.checkConsistency(JdbcHelper.java:70)\r\n\t\tat tests.TestBase.checkDatabaseConsistency(TestBase.java:30)\r\n\t\t... 3 more\r\n"},"stage":"finished","description":"","steps":[],"attachments":[],"parameters":[],"start":1745693585028,"stop":1745693585046}