{"uuid":"565ef346-1e66-4570-8ac2-e3b65f06cb5c","historyId":"3bfa070b50ad9b7b50c6ca42fa6df55d","testCaseId":"[engine:junit-jupiter]/[class:tests.AddressInfoTests]/[method:testOneAddress()]","testCaseName":"testOneAddress()","fullName":"tests.AddressInfoTests.testOneAddress","labels":[{"name":"junit.platform.uniqueid","value":"[engine:junit-jupiter]/[class:tests.AddressInfoTests]/[method:testOneAddress()]"},{"name":"host","value":"KOMPUTER"},{"name":"thread","value":"2288@KOMPUTER.Test worker(1)"},{"name":"framework","value":"junit-platform"},{"name":"language","value":"java"},{"name":"package","value":"tests.AddressInfoTests"},{"name":"testClass","value":"tests.AddressInfoTests"},{"name":"testMethod","value":"testOneAddress"},{"name":"suite","value":"tests.AddressInfoTests"}],"links":[],"name":"testOneAddress()","status":"broken","statusDetails":{"known":false,"muted":false,"flaky":false,"message":"Unable to locate element: //input[@id='1126']/../../td[2]\nFor documentation on this error, please visit: https://www.selenium.dev/documentation/webdriver/troubleshooting/errors#no-such-element-exception\nBuild info: version: '4.29.0', revision: '5fc1ec94cb'\nSystem info: os.name: 'Windows 11', os.arch: 'amd64', os.version: '10.0', java.version: '17.0.14'\nDriver info: org.openqa.selenium.firefox.FirefoxDriver\nCommand: [c6901e45-76c5-4310-a870-f1420d6cfa6c, findElement {value=//input[@id='1126']/../../td[2], using=xpath}]\nCapabilities {acceptInsecureCerts: true, browserName: firefox, browserVersion: 137.0.2, moz:accessibilityChecks: false, moz:buildID: 20250414091429, moz:geckodriverVersion: 0.36.0, moz:headless: false, moz:platformVersion: 10.0, moz:processID: 14460, moz:profile: C:\\Users\\Miko\\AppData\\Local..., moz:shutdownTimeout: 60000, moz:webdriverClick: true, moz:windowless: false, pageLoadStrategy: normal, platformName: windows, proxy: Proxy(), setWindowRect: true, strictFileInteractability: false, timeouts: {implicit: 0, pageLoad: 300000, script: 30000}, unhandledPromptBehavior: dismiss and notify, userAgent: Mozilla/5.0 (Windows NT 10....}\nSession ID: c6901e45-76c5-4310-a870-f1420d6cfa6c","trace":"org.openqa.selenium.NoSuchElementException: Unable to locate element: //input[@id='1126']/../../td[2]\nFor documentation on this error, please visit: https://www.selenium.dev/documentation/webdriver/troubleshooting/errors#no-such-element-exception\nBuild info: version: '4.29.0', revision: '5fc1ec94cb'\nSystem info: os.name: 'Windows 11', os.arch: 'amd64', os.version: '10.0', java.version: '17.0.14'\nDriver info: org.openqa.selenium.firefox.FirefoxDriver\nCommand: [c6901e45-76c5-4310-a870-f1420d6cfa6c, findElement {value=//input[@id='1126']/../../td[2], using=xpath}]\nCapabilities {acceptInsecureCerts: true, browserName: firefox, browserVersion: 137.0.2, moz:accessibilityChecks: false, moz:buildID: 20250414091429, moz:geckodriverVersion: 0.36.0, moz:headless: false, moz:platformVersion: 10.0, moz:processID: 14460, moz:profile: C:\\Users\\Miko\\AppData\\Local..., moz:shutdownTimeout: 60000, moz:webdriverClick: true, moz:windowless: false, pageLoadStrategy: normal, platformName: windows, proxy: Proxy(), setWindowRect: true, strictFileInteractability: false, timeouts: {implicit: 0, pageLoad: 300000, script: 30000}, unhandledPromptBehavior: dismiss and notify, userAgent: Mozilla/5.0 (Windows NT 10....}\nSession ID: c6901e45-76c5-4310-a870-f1420d6cfa6c\r\n\tat java.base/jdk.internal.reflect.NativeConstructorAccessorImpl.newInstance0(Native Method)\r\n\tat java.base/jdk.internal.reflect.NativeConstructorAccessorImpl.newInstance(NativeConstructorAccessorImpl.java:77)\r\n\tat java.base/jdk.internal.reflect.DelegatingConstructorAccessorImpl.newInstance(DelegatingConstructorAccessorImpl.java:45)\r\n\tat java.base/java.lang.reflect.Constructor.newInstanceWithCaller(Constructor.java:500)\r\n\tat java.base/java.lang.reflect.Constructor.newInstance(Constructor.java:481)\r\n\tat org.openqa.selenium.remote.ErrorCodec.decode(ErrorCodec.java:167)\r\n\tat org.openqa.selenium.remote.codec.w3c.W3CHttpResponseCodec.decode(W3CHttpResponseCodec.java:138)\r\n\tat org.openqa.selenium.remote.codec.w3c.W3CHttpResponseCodec.decode(W3CHttpResponseCodec.java:50)\r\n\tat org.openqa.selenium.remote.HttpCommandExecutor.execute(HttpCommandExecutor.java:215)\r\n\tat org.openqa.selenium.remote.service.DriverCommandExecutor.invokeExecute(DriverCommandExecutor.java:216)\r\n\tat org.openqa.selenium.remote.service.DriverCommandExecutor.execute(DriverCommandExecutor.java:174)\r\n\tat org.openqa.selenium.remote.RemoteWebDriver.execute(RemoteWebDriver.java:545)\r\n\tat org.openqa.selenium.remote.ElementLocation$ElementFinder$2.findElement(ElementLocation.java:165)\r\n\tat org.openqa.selenium.remote.ElementLocation.findElement(ElementLocation.java:59)\r\n\tat org.openqa.selenium.remote.RemoteWebDriver.findElement(RemoteWebDriver.java:368)\r\n\tat org.openqa.selenium.remote.RemoteWebDriver.findElement(RemoteWebDriver.java:362)\r\n\tat manager.AddressHelper.getOneAddress(AddressHelper.java:215)\r\n\tat tests.AddressInfoTests.testOneAddress(AddressInfoTests.java:58)\r\n\tat java.base/java.lang.reflect.Method.invoke(Method.java:569)\r\n\tat java.base/java.util.ArrayList.forEach(ArrayList.java:1511)\r\n\tat java.base/java.util.ArrayList.forEach(ArrayList.java:1511)\r\n\tSuppressed: java.lang.IllegalStateException: DB is corrupted\r\n\t\tat manager.JdbcHelper.checkConsistency(JdbcHelper.java:70)\r\n\t\tat tests.TestBase.checkDatabaseConsistency(TestBase.java:30)\r\n\t\t... 3 more\r\n"},"stage":"finished","description":"","steps":[],"attachments":[],"parameters":[],"start":1745654072505,"stop":1745654072528}